<?xml version="1.0" encoding="UTF-8"?>
<!-- Generated by org.testng.reporters.JUnitReportReporter -->
<testsuite skipped="0" hostname="TH1554" name="com.milvik.mip.passwordmanagement.testrunner.MIP_ChangePassword_Test" tests="6" failures="0" timestamp="29 Mar 2018 10:11:36 GMT" time="12.908" errors="0">
  <testcase name="changePassThree" time="1.495" classname="com.milvik.mip.passwordmanagement.testrunner.MIP_ChangePassword_Test"/>
  <testcase name="changePassThree" time="1.543" classname="com.milvik.mip.passwordmanagement.testrunner.MIP_ChangePassword_Test"/>
  <testcase name="changePassThree" time="1.543" classname="com.milvik.mip.passwordmanagement.testrunner.MIP_ChangePassword_Test"/>
  <testcase name="changePassOne" time="2.360" classname="com.milvik.mip.passwordmanagement.testrunner.MIP_ChangePassword_Test"/>
  <testcase name="changePassThree" time="1.468" classname="com.milvik.mip.passwordmanagement.testrunner.MIP_ChangePassword_Test"/>
  <testcase name="changePassFour" time="4.499" classname="com.milvik.mip.passwordmanagement.testrunner.MIP_ChangePassword_Test"/>
</testsuite> <!-- com.milvik.mip.passwordmanagement.testrunner.MIP_ChangePassword_Test -->
