<?xml version="1.0" encoding="UTF-8"?>
<!-- Generated by org.testng.reporters.JUnitReportReporter -->
<testsuite skipped="1" hostname="TH1554" name="com.milvik.mip.branchmanagement.testrunner.MIP_ListBranch_Test" tests="10" failures="0" timestamp="30 Mar 2018 03:48:02 GMT" time="261.270" errors="0">
  <testcase name="listBranchFive" time="24.974" classname="com.milvik.mip.branchmanagement.testrunner.MIP_ListBranch_Test"/>
  <testcase name="listBranchFive" time="44.620" classname="com.milvik.mip.branchmanagement.testrunner.MIP_ListBranch_Test"/>
  <testcase name="listBranchTwo" time="24.121" classname="com.milvik.mip.branchmanagement.testrunner.MIP_ListBranch_Test"/>
  <testcase name="listBranchTwo" time="45.418" classname="com.milvik.mip.branchmanagement.testrunner.MIP_ListBranch_Test"/>
  <testcase name="listBranchFour" time="23.783" classname="com.milvik.mip.branchmanagement.testrunner.MIP_ListBranch_Test"/>
  <testcase name="listBranchFour" time="46.239" classname="com.milvik.mip.branchmanagement.testrunner.MIP_ListBranch_Test"/>
  <testcase name="listBranchOne" time="0.940" classname="com.milvik.mip.branchmanagement.testrunner.MIP_ListBranch_Test"/>
  <testcase name="listBranchSeven" time="1.715" classname="com.milvik.mip.branchmanagement.testrunner.MIP_ListBranch_Test"/>
  <testcase name="listBranchThree" time="49.460" classname="com.milvik.mip.branchmanagement.testrunner.MIP_ListBranch_Test"/>
  <testcase name="listBranchSix" classname="com.milvik.mip.branchmanagement.testrunner.MIP_ListBranch_Test">
    <skipped/>
  </testcase> <!-- listBranchSix -->
</testsuite> <!-- com.milvik.mip.branchmanagement.testrunner.MIP_ListBranch_Test -->
