<?xml version="1.0" encoding="UTF-8"?>
<!-- Generated by org.testng.reporters.JUnitReportReporter -->
<testsuite skipped="0" hostname="TH1554" name="com.milvik.mip.customermanagement.testrunner.MIP_SwitchProductLevel_Test" tests="7" failures="0" timestamp="22 Jan 2018 11:32:00 GMT" time="159.597" errors="0">
  <testcase name="switchProductLevelFive" time="24.859" classname="com.milvik.mip.customermanagement.testrunner.MIP_SwitchProductLevel_Test"/>
  <testcase name="switchProductLevelFive" time="25.777" classname="com.milvik.mip.customermanagement.testrunner.MIP_SwitchProductLevel_Test"/>
  <testcase name="switchProductLevelFive" time="26.715" classname="com.milvik.mip.customermanagement.testrunner.MIP_SwitchProductLevel_Test"/>
  <testcase name="switchProductLevelFive" time="9.737" classname="com.milvik.mip.customermanagement.testrunner.MIP_SwitchProductLevel_Test"/>
  <testcase name="switchProductLevelFive" time="24.272" classname="com.milvik.mip.customermanagement.testrunner.MIP_SwitchProductLevel_Test"/>
  <testcase name="switchProductLevelFive" time="23.588" classname="com.milvik.mip.customermanagement.testrunner.MIP_SwitchProductLevel_Test"/>
  <testcase name="switchProductLevelFive" time="24.649" classname="com.milvik.mip.customermanagement.testrunner.MIP_SwitchProductLevel_Test"/>
</testsuite> <!-- com.milvik.mip.customermanagement.testrunner.MIP_SwitchProductLevel_Test -->
