<?xml version="1.0" encoding="UTF-8"?>
<!-- Generated by org.testng.reporters.JUnitReportReporter -->
<testsuite skipped="0" hostname="TH1554" name="com.milvik.mip.usermanagement.testrunner.MIP_ListUser_Test" tests="4" failures="0" timestamp="28 Mar 2018 07:02:24 GMT" time="121.721" errors="0">
  <testcase name="listUserTwo" time="47.292" classname="com.milvik.mip.usermanagement.testrunner.MIP_ListUser_Test"/>
  <testcase name="listUserTwo" time="68.768" classname="com.milvik.mip.usermanagement.testrunner.MIP_ListUser_Test"/>
  <testcase name="listUserOne" time="2.053" classname="com.milvik.mip.usermanagement.testrunner.MIP_ListUser_Test"/>
  <testcase name="listUserTwo" time="3.608" classname="com.milvik.mip.usermanagement.testrunner.MIP_ListUser_Test"/>
</testsuite> <!-- com.milvik.mip.usermanagement.testrunner.MIP_ListUser_Test -->
