<?xml version="1.0" encoding="UTF-8"?>
<!-- Generated by org.testng.reporters.JUnitReportReporter -->
<testsuite skipped="0" hostname="TH1554" name="com.milvik.mip.smsmanagement.testrunner.Test1" tests="1" failures="0" timestamp="19 Mar 2018 09:48:17 GMT" time="0.001" errors="0">
  <testcase name="test2" time="0.001" classname="com.milvik.mip.smsmanagement.testrunner.Test1"/>
</testsuite> <!-- com.milvik.mip.smsmanagement.testrunner.Test1 -->
