<?xml version="1.0" encoding="UTF-8"?>
<!-- Generated by org.testng.reporters.JUnitReportReporter -->
<testsuite skipped="0" hostname="TH1554" name="com.milvik.mip.usermanagement.testrunner.MIP_AddUser_Test" tests="10" failures="0" timestamp="28 Mar 2018 07:02:24 GMT" time="54.313" errors="0">
  <testcase name="addUserPassThree" time="4.650" classname="com.milvik.mip.usermanagement.testrunner.MIP_AddUser_Test"/>
  <testcase name="addUserPassTwo" time="6.615" classname="com.milvik.mip.usermanagement.testrunner.MIP_AddUser_Test"/>
  <testcase name="addUserPassThree" time="4.496" classname="com.milvik.mip.usermanagement.testrunner.MIP_AddUser_Test"/>
  <testcase name="addUserPassThree" time="4.812" classname="com.milvik.mip.usermanagement.testrunner.MIP_AddUser_Test"/>
  <testcase name="addUserPassThree" time="4.674" classname="com.milvik.mip.usermanagement.testrunner.MIP_AddUser_Test"/>
  <testcase name="addUserPassThree" time="5.501" classname="com.milvik.mip.usermanagement.testrunner.MIP_AddUser_Test"/>
  <testcase name="addUserPassThree" time="5.020" classname="com.milvik.mip.usermanagement.testrunner.MIP_AddUser_Test"/>
  <testcase name="addUserOne" time="8.420" classname="com.milvik.mip.usermanagement.testrunner.MIP_AddUser_Test"/>
  <testcase name="addUserPassThree" time="5.204" classname="com.milvik.mip.usermanagement.testrunner.MIP_AddUser_Test"/>
  <testcase name="addUserPassThree" time="4.921" classname="com.milvik.mip.usermanagement.testrunner.MIP_AddUser_Test"/>
</testsuite> <!-- com.milvik.mip.usermanagement.testrunner.MIP_AddUser_Test -->
