<?xml version="1.0" encoding="UTF-8"?>
<!-- Generated by org.testng.reporters.JUnitReportReporter -->
<testsuite skipped="0" hostname="TH1554" name="com.milvik.mip.smsmanagement.testrunner.MIP_ReturnRequest_Test" tests="9" failures="0" timestamp="17 Jan 2018 11:54:28 GMT" time="65.891" errors="0">
  <testcase name="returnRequestThree" time="5.363" classname="com.milvik.mip.smsmanagement.testrunner.MIP_ReturnRequest_Test"/>
  <testcase name="returnRequestTwo" time="4.664" classname="com.milvik.mip.smsmanagement.testrunner.MIP_ReturnRequest_Test"/>
  <testcase name="returnRequestOne" time="4.597" classname="com.milvik.mip.smsmanagement.testrunner.MIP_ReturnRequest_Test"/>
  <testcase name="returnRequestThree" time="4.899" classname="com.milvik.mip.smsmanagement.testrunner.MIP_ReturnRequest_Test"/>
  <testcase name="returnRequestFour" time="5.719" classname="com.milvik.mip.smsmanagement.testrunner.MIP_ReturnRequest_Test"/>
  <testcase name="returnRequestThree" time="4.202" classname="com.milvik.mip.smsmanagement.testrunner.MIP_ReturnRequest_Test"/>
  <testcase name="returnRequestFour" time="6.886" classname="com.milvik.mip.smsmanagement.testrunner.MIP_ReturnRequest_Test"/>
  <testcase name="returnRequestThree" time="23.380" classname="com.milvik.mip.smsmanagement.testrunner.MIP_ReturnRequest_Test"/>
  <testcase name="returnRequestThree" time="6.181" classname="com.milvik.mip.smsmanagement.testrunner.MIP_ReturnRequest_Test"/>
</testsuite> <!-- com.milvik.mip.smsmanagement.testrunner.MIP_ReturnRequest_Test -->
