<?xml version="1.0" encoding="UTF-8"?>
<!-- Generated by org.testng.reporters.JUnitReportReporter -->
<testsuite skipped="0" hostname="TH1554" name="com.milvik.mip.customermanagement.testrunner.MIP_CustRegistration_Test" tests="12" failures="0" timestamp="06 Apr 2018 07:19:01 GMT" time="68.072" errors="0">
  <testcase name="register_cust_GSM_Prepaid_negative_scenarios" time="8.063" classname="com.milvik.mip.customermanagement.testrunner.MIP_CustRegistration_Test"/>
  <testcase name="register_cust_GSM_Prepaid_negative_scenarios" time="2.790" classname="com.milvik.mip.customermanagement.testrunner.MIP_CustRegistration_Test"/>
  <testcase name="register_cust_GSM_Prepaid_negative_scenarios" time="3.122" classname="com.milvik.mip.customermanagement.testrunner.MIP_CustRegistration_Test"/>
  <testcase name="register_cust_GSM_Prepaid_negative_scenarios" time="6.599" classname="com.milvik.mip.customermanagement.testrunner.MIP_CustRegistration_Test"/>
  <testcase name="register_cust_GSM_Prepaid_negative_scenarios" time="7.154" classname="com.milvik.mip.customermanagement.testrunner.MIP_CustRegistration_Test"/>
  <testcase name="register_cust_GSM_Prepaid_negative_scenarios" time="5.342" classname="com.milvik.mip.customermanagement.testrunner.MIP_CustRegistration_Test"/>
  <testcase name="register_cust_GSM_Prepaid_negative_scenarios" time="6.734" classname="com.milvik.mip.customermanagement.testrunner.MIP_CustRegistration_Test"/>
  <testcase name="register_cust_GSM_Prepaid_negative_scenarios" time="5.236" classname="com.milvik.mip.customermanagement.testrunner.MIP_CustRegistration_Test"/>
  <testcase name="register_cust_GSM_Prepaid_negative_scenarios" time="5.939" classname="com.milvik.mip.customermanagement.testrunner.MIP_CustRegistration_Test"/>
  <testcase name="register_cust_GSM_Prepaid_negative_scenarios" time="5.817" classname="com.milvik.mip.customermanagement.testrunner.MIP_CustRegistration_Test"/>
  <testcase name="register_cust_GSM_Prepaid_negative_scenarios" time="5.273" classname="com.milvik.mip.customermanagement.testrunner.MIP_CustRegistration_Test"/>
  <testcase name="register_cust_GSM_Prepaid_negative_scenarios" time="6.003" classname="com.milvik.mip.customermanagement.testrunner.MIP_CustRegistration_Test"/>
</testsuite> <!-- com.milvik.mip.customermanagement.testrunner.MIP_CustRegistration_Test -->
