<?xml version="1.0" encoding="UTF-8"?>
<!-- Generated by org.testng.reporters.JUnitReportReporter -->
<testsuite skipped="0" hostname="TH1554" name="com.milvik.mip.testconfig.MIP_Test_Configuration" tests="1" failures="0" timestamp="19 Apr 2018 08:37:21 GMT" time="0.000" errors="0">
  <testcase name="t1" time="0.000" classname="com.milvik.mip.testconfig.MIP_Test_Configuration"/>
</testsuite> <!-- com.milvik.mip.testconfig.MIP_Test_Configuration -->
