<?xml version="1.0" encoding="UTF-8"?>
<!-- Generated by org.testng.reporters.JUnitReportReporter -->
<testsuite skipped="0" hostname="TH1554" name="com.milvik.mip.smsmanagement.testrunner.TEst" tests="1" failures="0" timestamp="19 Mar 2018 09:48:17 GMT" time="0.003" errors="0">
  <testcase name="test1" time="0.003" classname="com.milvik.mip.smsmanagement.testrunner.TEst"/>
</testsuite> <!-- com.milvik.mip.smsmanagement.testrunner.TEst -->
