<?xml version="1.0" encoding="UTF-8"?>
<!-- Generated by org.testng.reporters.JUnitReportReporter -->
<testsuite skipped="0" hostname="TH1554" name="com.milvik.mip.passwordmanagement.testrunner.MIP_ForgotPassword_Test" tests="5" failures="0" timestamp="29 Mar 2018 10:11:36 GMT" time="8.287" errors="0">
  <testcase name="forgotPassThree" time="1.438" classname="com.milvik.mip.passwordmanagement.testrunner.MIP_ForgotPassword_Test"/>
  <testcase name="forgotPassOne" time="1.062" classname="com.milvik.mip.passwordmanagement.testrunner.MIP_ForgotPassword_Test"/>
  <testcase name="forgotPassFive" time="1.160" classname="com.milvik.mip.passwordmanagement.testrunner.MIP_ForgotPassword_Test"/>
  <testcase name="forgotPassFour" time="3.211" classname="com.milvik.mip.passwordmanagement.testrunner.MIP_ForgotPassword_Test"/>
  <testcase name="forgotPassTwo" time="1.416" classname="com.milvik.mip.passwordmanagement.testrunner.MIP_ForgotPassword_Test"/>
</testsuite> <!-- com.milvik.mip.passwordmanagement.testrunner.MIP_ForgotPassword_Test -->
