<?xml version="1.0" encoding="UTF-8"?>
<!-- Generated by org.testng.reporters.JUnitReportReporter -->
<testsuite skipped="0" hostname="TH1554" name="com.milvik.mip.passwordmanagement.MIP_ForgotPassword_Test" tests="5" failures="0" timestamp="30 Jan 2018 06:32:41 GMT" time="19.226" errors="0">
  <testcase name="forgotPassThree" time="1.687" classname="com.milvik.mip.passwordmanagement.MIP_ForgotPassword_Test"/>
  <testcase name="forgotPassFive" time="1.293" classname="com.milvik.mip.passwordmanagement.MIP_ForgotPassword_Test"/>
  <testcase name="forgotPassFour" time="1.724" classname="com.milvik.mip.passwordmanagement.MIP_ForgotPassword_Test"/>
  <testcase name="forgotPassTwo" time="1.264" classname="com.milvik.mip.passwordmanagement.MIP_ForgotPassword_Test"/>
  <testcase name="forgotPassOne" time="13.258" classname="com.milvik.mip.passwordmanagement.MIP_ForgotPassword_Test"/>
</testsuite> <!-- com.milvik.mip.passwordmanagement.MIP_ForgotPassword_Test -->
