<?xml version="1.0" encoding="UTF-8"?>
<!-- Generated by org.testng.reporters.JUnitReportReporter -->
<testsuite skipped="0" hostname="TH1554" name="com.milvik.mip.rolemanagement.testrunner.MIP_AddRole_Test" tests="10" failures="0" timestamp="29 Mar 2018 06:14:34 GMT" time="68.207" errors="0">
  <testcase name="addRoleFour" time="7.612" classname="com.milvik.mip.rolemanagement.testrunner.MIP_AddRole_Test"/>
  <testcase name="addRoleFour" time="6.102" classname="com.milvik.mip.rolemanagement.testrunner.MIP_AddRole_Test"/>
  <testcase name="addRoleFour" time="5.952" classname="com.milvik.mip.rolemanagement.testrunner.MIP_AddRole_Test"/>
  <testcase name="roleManagement" time="0.101" classname="com.milvik.mip.rolemanagement.testrunner.MIP_AddRole_Test"/>
  <testcase name="addRoleOne" time="1.095" classname="com.milvik.mip.rolemanagement.testrunner.MIP_AddRole_Test"/>
  <testcase name="addRoleThree" time="6.505" classname="com.milvik.mip.rolemanagement.testrunner.MIP_AddRole_Test"/>
  <testcase name="addRoleThree" time="5.168" classname="com.milvik.mip.rolemanagement.testrunner.MIP_AddRole_Test"/>
  <testcase name="addRoleThree" time="6.312" classname="com.milvik.mip.rolemanagement.testrunner.MIP_AddRole_Test"/>
  <testcase name="addRoleTwo" time="15.080" classname="com.milvik.mip.rolemanagement.testrunner.MIP_AddRole_Test"/>
  <testcase name="addRoleTwo" time="14.280" classname="com.milvik.mip.rolemanagement.testrunner.MIP_AddRole_Test"/>
</testsuite> <!-- com.milvik.mip.rolemanagement.testrunner.MIP_AddRole_Test -->
