<?xml version="1.0" encoding="UTF-8"?>
<!-- Generated by org.testng.reporters.JUnitReportReporter -->
<testsuite skipped="1" hostname="TH1554" name="com.milvik.mip.loginlogout.testrunner.MIP_Login_Test" tests="2" failures="0" timestamp="29 Mar 2018 07:43:05 GMT" time="2.840" errors="0">
  <testcase name="loginTestFive" time="2.840" classname="com.milvik.mip.loginlogout.testrunner.MIP_Login_Test"/>
  <testcase name="loginTestTwo" classname="com.milvik.mip.loginlogout.testrunner.MIP_Login_Test">
    <skipped/>
  </testcase> <!-- loginTestTwo -->
</testsuite> <!-- com.milvik.mip.loginlogout.testrunner.MIP_Login_Test -->
