<?xml version="1.0" encoding="UTF-8"?>
<!-- Generated by org.testng.reporters.JUnitReportReporter -->
<testsuite skipped="0" hostname="TH1554" name="com.milvik.mip.branchmanagement.testrunner.MIP_AddBranch_Test" tests="8" failures="0" timestamp="29 Mar 2018 13:00:29 GMT" time="11.854" errors="0">
  <testcase name="addBranchThree" time="1.316" classname="com.milvik.mip.branchmanagement.testrunner.MIP_AddBranch_Test"/>
  <testcase name="addBranchThree" time="1.506" classname="com.milvik.mip.branchmanagement.testrunner.MIP_AddBranch_Test"/>
  <testcase name="addBranchTwo" time="3.166" classname="com.milvik.mip.branchmanagement.testrunner.MIP_AddBranch_Test"/>
  <testcase name="addBranchThree" time="0.760" classname="com.milvik.mip.branchmanagement.testrunner.MIP_AddBranch_Test"/>
  <testcase name="addBranchOne" time="1.589" classname="com.milvik.mip.branchmanagement.testrunner.MIP_AddBranch_Test"/>
  <testcase name="addBranchThree" time="1.297" classname="com.milvik.mip.branchmanagement.testrunner.MIP_AddBranch_Test"/>
  <testcase name="addBranchThree" time="1.318" classname="com.milvik.mip.branchmanagement.testrunner.MIP_AddBranch_Test"/>
  <testcase name="addBranchThree" time="0.902" classname="com.milvik.mip.branchmanagement.testrunner.MIP_AddBranch_Test"/>
</testsuite> <!-- com.milvik.mip.branchmanagement.testrunner.MIP_AddBranch_Test -->
