<?xml version="1.0" encoding="UTF-8"?>
<!-- Generated by org.testng.reporters.JUnitReportReporter -->
<testsuite skipped="0" hostname="TH1554" name="com.milvik.mip.smsmanagement.testrunner.MIP_RefundsSMS_Test" tests="4" failures="0" timestamp="17 Jan 2018 09:44:53 GMT" time="31.786" errors="0">
  <testcase name="refundSMSSix" time="8.928" classname="com.milvik.mip.smsmanagement.testrunner.MIP_RefundsSMS_Test"/>
  <testcase name="refundSMSSix" time="6.193" classname="com.milvik.mip.smsmanagement.testrunner.MIP_RefundsSMS_Test"/>
  <testcase name="refundSMSSix" time="10.443" classname="com.milvik.mip.smsmanagement.testrunner.MIP_RefundsSMS_Test"/>
  <testcase name="refundSMSSix" time="6.222" classname="com.milvik.mip.smsmanagement.testrunner.MIP_RefundsSMS_Test"/>
</testsuite> <!-- com.milvik.mip.smsmanagement.testrunner.MIP_RefundsSMS_Test -->
