<?xml version="1.0" encoding="UTF-8"?>
<!-- Generated by org.testng.reporters.JUnitReportReporter -->
<testsuite skipped="1" hostname="TH1554" name="com.milvik.mip.leavemanagement.testrunner.MIP_ApplyLeave_Test" tests="10" failures="0" timestamp="30 Mar 2018 06:49:41 GMT" time="176.163" errors="0">
  <testcase name="leaveManagement" time="0.212" classname="com.milvik.mip.leavemanagement.testrunner.MIP_ApplyLeave_Test"/>
  <testcase name="applyLeaveOne" time="4.289" classname="com.milvik.mip.leavemanagement.testrunner.MIP_ApplyLeave_Test"/>
  <testcase name="applyLeaveTwo" time="31.298" classname="com.milvik.mip.leavemanagement.testrunner.MIP_ApplyLeave_Test"/>
  <testcase name="applyLeaveThree" time="10.701" classname="com.milvik.mip.leavemanagement.testrunner.MIP_ApplyLeave_Test"/>
  <testcase name="applyLeaveFour" time="24.456" classname="com.milvik.mip.leavemanagement.testrunner.MIP_ApplyLeave_Test"/>
  <testcase name="applyLeaveFour" time="26.613" classname="com.milvik.mip.leavemanagement.testrunner.MIP_ApplyLeave_Test"/>
  <testcase name="applyLeaveFour" time="26.968" classname="com.milvik.mip.leavemanagement.testrunner.MIP_ApplyLeave_Test"/>
  <testcase name="applyLeaveFour" time="26.610" classname="com.milvik.mip.leavemanagement.testrunner.MIP_ApplyLeave_Test"/>
  <testcase name="applyLeaveFour" time="25.016" classname="com.milvik.mip.leavemanagement.testrunner.MIP_ApplyLeave_Test"/>
  <testcase name="applyLeaveFive" classname="com.milvik.mip.leavemanagement.testrunner.MIP_ApplyLeave_Test">
    <skipped/>
  </testcase> <!-- applyLeaveFive -->
</testsuite> <!-- com.milvik.mip.leavemanagement.testrunner.MIP_ApplyLeave_Test -->
