<?xml version="1.0" encoding="UTF-8"?>
<!-- Generated by org.testng.reporters.JUnitReportReporter -->
<testsuite skipped="0" hostname="TH1554" name="com.milvik.mip.homepagestatistics.testrunner.MIP_Home_Test" tests="3" failures="0" timestamp="30 Mar 2018 07:33:14 GMT" time="2.392" errors="0">
  <testcase name="homeTestThree" time="2.106" classname="com.milvik.mip.homepagestatistics.testrunner.MIP_Home_Test"/>
  <testcase name="homeTestTwo" time="0.208" classname="com.milvik.mip.homepagestatistics.testrunner.MIP_Home_Test"/>
  <testcase name="homeTestOne" time="0.078" classname="com.milvik.mip.homepagestatistics.testrunner.MIP_Home_Test"/>
</testsuite> <!-- com.milvik.mip.homepagestatistics.testrunner.MIP_Home_Test -->
