<?xml version="1.0" encoding="UTF-8"?>
<!-- Generated by org.testng.reporters.JUnitReportReporter -->
<testsuite skipped="3" hostname="TH1554" name="com.milvik.mip.customermanagement.testrunner.MIP_CustRegistration_Postpaid_Test" tests="9" failures="0" timestamp="19 Apr 2018 09:10:26 GMT" time="36.177" errors="0">
  <testcase name="fieldValidationWithNegativeData_Postpaid" time="9.942" classname="com.milvik.mip.customermanagement.testrunner.MIP_CustRegistration_Postpaid_Test"/>
  <testcase name="mandatoryFieldValidationInregistration_Postpaid" time="5.562" classname="com.milvik.mip.customermanagement.testrunner.MIP_CustRegistration_Postpaid_Test"/>
  <testcase name="mandatoryFieldValidationInregistration_Postpaid" time="5.080" classname="com.milvik.mip.customermanagement.testrunner.MIP_CustRegistration_Postpaid_Test"/>
  <testcase name="duplicateAccountIdValidation_Postpaid" time="5.183" classname="com.milvik.mip.customermanagement.testrunner.MIP_CustRegistration_Postpaid_Test"/>
  <testcase name="mandatoryFieldValidationInregistration_Postpaid" time="4.957" classname="com.milvik.mip.customermanagement.testrunner.MIP_CustRegistration_Postpaid_Test"/>
  <testcase name="mandatoryFieldValidationInregistration_Postpaid" time="5.453" classname="com.milvik.mip.customermanagement.testrunner.MIP_CustRegistration_Postpaid_Test"/>
  <testcase name="registration_Postpaid" classname="com.milvik.mip.customermanagement.testrunner.MIP_CustRegistration_Postpaid_Test">
    <skipped/>
  </testcase> <!-- registration_Postpaid -->
  <testcase name="differentProduct_registration_ExistingCustomer_Postpaid" classname="com.milvik.mip.customermanagement.testrunner.MIP_CustRegistration_Postpaid_Test">
    <skipped/>
  </testcase> <!-- differentProduct_registration_ExistingCustomer_Postpaid -->
  <testcase name="update_hmp_life_pa_info_Test" classname="com.milvik.mip.customermanagement.testrunner.MIP_CustRegistration_Postpaid_Test">
    <skipped/>
  </testcase> <!-- update_hmp_life_pa_info_Test -->
</testsuite> <!-- com.milvik.mip.customermanagement.testrunner.MIP_CustRegistration_Postpaid_Test -->
