<?xml version="1.0" encoding="UTF-8"?>
<!-- Generated by org.testng.reporters.JUnitReportReporter -->
<testsuite skipped="0" hostname="TH1554" name="com.milvik.mip.loginlogout.testrunner.MIP_Logout_Test" tests="11" failures="0" timestamp="29 Mar 2018 07:40:41 GMT" time="62.208" errors="0">
  <testcase name="logoutTestTwo" time="2.161" classname="com.milvik.mip.loginlogout.testrunner.MIP_Logout_Test"/>
  <testcase name="logoutTestOne" time="1.911" classname="com.milvik.mip.loginlogout.testrunner.MIP_Logout_Test"/>
  <testcase name="logoutTestTwo" time="2.098" classname="com.milvik.mip.loginlogout.testrunner.MIP_Logout_Test"/>
  <testcase name="logoutTestTwo" time="2.087" classname="com.milvik.mip.loginlogout.testrunner.MIP_Logout_Test"/>
  <testcase name="logoutTestTwo" time="1.996" classname="com.milvik.mip.loginlogout.testrunner.MIP_Logout_Test"/>
  <testcase name="logoutTestTwo" time="1.921" classname="com.milvik.mip.loginlogout.testrunner.MIP_Logout_Test"/>
  <testcase name="logoutTestTwo" time="1.903" classname="com.milvik.mip.loginlogout.testrunner.MIP_Logout_Test"/>
  <testcase name="logoutTestTwo" time="1.988" classname="com.milvik.mip.loginlogout.testrunner.MIP_Logout_Test"/>
  <testcase name="logoutTestTwo" time="41.946" classname="com.milvik.mip.loginlogout.testrunner.MIP_Logout_Test"/>
  <testcase name="logoutTestTwo" time="2.278" classname="com.milvik.mip.loginlogout.testrunner.MIP_Logout_Test"/>
  <testcase name="logoutTestTwo" time="1.919" classname="com.milvik.mip.loginlogout.testrunner.MIP_Logout_Test"/>
</testsuite> <!-- com.milvik.mip.loginlogout.testrunner.MIP_Logout_Test -->
